Determining if the pthread_create exist failed with the following output:
Change Dir: /home/d3dx13/StarLine_Hackathon/catkin_ws/build/CMakeFiles/CMakeTmp

Run Build Command:"/usr/bin/make" "cmTC_c5457/fast"
/usr/bin/make -f CMakeFiles/cmTC_c5457.dir/build.make CMakeFiles/cmTC_c5457.dir/build
make[1]: вход в каталог «/home/d3dx13/StarLine_Hackathon/catkin_ws/build/CMakeFiles/CMakeTmp»
Building C object CMakeFiles/cmTC_c5457.dir/CheckSymbolExists.c.o
/usr/bin/cc     -o CMakeFiles/cmTC_c5457.dir/CheckSymbolExists.c.o   -c /home/d3dx13/StarLine_Hackathon/catkin_ws/build/CMakeFiles/CMakeTmp/CheckSymbolExists.c
Linking C executable cmTC_c5457
/usr/bin/cmake -E cmake_link_script CMakeFiles/cmTC_c5457.dir/link.txt --verbose=1
/usr/bin/cc       CMakeFiles/cmTC_c5457.dir/CheckSymbolExists.c.o  -o cmTC_c5457 -rdynamic 
CMakeFiles/cmTC_c5457.dir/CheckSymbolExists.c.o: In function `main':
CheckSymbolExists.c:(.text+0x16): undefined reference to `pthread_create'
collect2: error: ld returned 1 exit status
CMakeFiles/cmTC_c5457.dir/build.make:97: ошибка выполнения рецепта для цели «cmTC_c5457»
make[1]: *** [cmTC_c5457] Ошибка 1
make[1]: выход из каталога «/home/d3dx13/StarLine_Hackathon/catkin_ws/build/CMakeFiles/CMakeTmp»
Makefile:126: ошибка выполнения рецепта для цели «cmTC_c5457/fast»
make: *** [cmTC_c5457/fast] Ошибка 2

File /home/d3dx13/StarLine_Hackathon/catkin_ws/build/CMakeFiles/CMakeTmp/CheckSymbolExists.c:
/* */
#include <pthread.h>

int main(int argc, char** argv)
{
  (void)argv;
#ifndef pthread_create
  return ((int*)(&pthread_create))[argc];
#else
  (void)argc;
  return 0;
#endif
}

Determining if the function pthread_create exists in the pthreads failed with the following output:
Change Dir: /home/d3dx13/StarLine_Hackathon/catkin_ws/build/CMakeFiles/CMakeTmp

Run Build Command:"/usr/bin/make" "cmTC_d4e96/fast"
/usr/bin/make -f CMakeFiles/cmTC_d4e96.dir/build.make CMakeFiles/cmTC_d4e96.dir/build
make[1]: вход в каталог «/home/d3dx13/StarLine_Hackathon/catkin_ws/build/CMakeFiles/CMakeTmp»
Building C object CMakeFiles/cmTC_d4e96.dir/CheckFunctionExists.c.o
/usr/bin/cc    -DCHECK_FUNCTION_EXISTS=pthread_create   -o CMakeFiles/cmTC_d4e96.dir/CheckFunctionExists.c.o   -c /usr/share/cmake-3.5/Modules/CheckFunctionExists.c
Linking C executable cmTC_d4e96
/usr/bin/cmake -E cmake_link_script CMakeFiles/cmTC_d4e96.dir/link.txt --verbose=1
/usr/bin/cc   -DCHECK_FUNCTION_EXISTS=pthread_create    CMakeFiles/cmTC_d4e96.dir/CheckFunctionExists.c.o  -o cmTC_d4e96 -rdynamic -lpthreads 
/usr/bin/ld: cannot find -lpthreads
collect2: error: ld returned 1 exit status
CMakeFiles/cmTC_d4e96.dir/build.make:97: ошибка выполнения рецепта для цели «cmTC_d4e96»
make[1]: *** [cmTC_d4e96] Ошибка 1
make[1]: выход из каталога «/home/d3dx13/StarLine_Hackathon/catkin_ws/build/CMakeFiles/CMakeTmp»
Makefile:126: ошибка выполнения рецепта для цели «cmTC_d4e96/fast»
make: *** [cmTC_d4e96/fast] Ошибка 2


